#! /c/Source/iverilog-install/bin/vvp
:ivl_version "12.0 (devel)" "(s20150603-1539-g2693dd32b)";
:ivl_delay_selection "TYPICAL";
:vpi_time_precision + 0;
:vpi_module "C:\iverilog\lib\ivl\system.vpi";
:vpi_module "C:\iverilog\lib\ivl\vhdl_sys.vpi";
:vpi_module "C:\iverilog\lib\ivl\vhdl_textio.vpi";
:vpi_module "C:\iverilog\lib\ivl\v2005_math.vpi";
:vpi_module "C:\iverilog\lib\ivl\va_math.vpi";
S_000002058efa6d40 .scope module, "TP1_2" "TP1_2" 2 1;
 .timescale 0 0;
    .port_info 0 /INPUT 1 "a";
    .port_info 1 /INPUT 1 "b";
    .port_info 2 /INPUT 1 "c";
    .port_info 3 /OUTPUT 1 "q";
o000002058efa7008 .functor BUFZ 1, C4<z>; HiZ drive
L_000002058ef56b10 .functor NOT 1, o000002058efa7008, C4<0>, C4<0>, C4<0>;
o000002058efa7038 .functor BUFZ 1, C4<z>; HiZ drive
L_000002058ef56d50 .functor AND 1, L_000002058ef56b10, o000002058efa7038, C4<1>, C4<1>;
o000002058efa6fd8 .functor BUFZ 1, C4<z>; HiZ drive
L_000002058ef56f90 .functor OR 1, o000002058efa6fd8, L_000002058ef56d50, C4<0>, C4<0>;
v000002058efa6ed0_0 .net *"_ivl_0", 0 0, L_000002058ef56b10;  1 drivers
v000002058ef5e870_0 .net *"_ivl_2", 0 0, L_000002058ef56d50;  1 drivers
v000002058ef5e910_0 .net "a", 0 0, o000002058efa6fd8;  0 drivers
v000002058ef5e9b0_0 .net "b", 0 0, o000002058efa7008;  0 drivers
v000002058ef5ea50_0 .net "c", 0 0, o000002058efa7038;  0 drivers
v000002058ef5eaf0_0 .net "q", 0 0, L_000002058ef56f90;  1 drivers
# The file index is used to find the file name in the following table.
:file_names 3;
    "N/A";
    "<interactive>";
    "TP1_2.v";
